[2025-04-14 18:39:12,833] [INFO] Tarefa 'aa' adicionada com sucesso.
[2025-04-14 18:39:12,840] [INFO] Tarefas obtidas com sucesso.
[2025-04-14 18:39:54,022] [INFO] Tarefa 19 atualizada com sucesso.
[2025-04-14 18:39:54,027] [INFO] Tarefas obtidas com sucesso.
[2025-04-14 18:39:59,961] [INFO] Tarefa 19 atualizada com sucesso.
[2025-04-14 18:39:59,969] [INFO] Tarefas obtidas com sucesso.
[2025-04-14 18:40:08,509] [INFO] Tarefa 19 atualizada com sucesso.
[2025-04-14 18:40:08,523] [INFO] Tarefas obtidas com sucesso.
[2025-04-14 18:44:54,965] [INFO] Tarefas obtidas com sucesso.
[2025-04-14 18:44:57,244] [INFO] Tarefa 19 atualizada com sucesso.
[2025-04-14 18:44:57,254] [INFO] Tarefas obtidas com sucesso.
[2025-04-14 18:44:58,501] [INFO] Tarefa 19 atualizada com sucesso.
[2025-04-14 18:44:58,515] [INFO] Tarefas obtidas com sucesso.
[2025-04-14 18:45:47,195] [INFO] Tarefas obtidas com sucesso.
[2025-04-14 18:45:49,304] [INFO] Tarefas obtidas com sucesso.
[2025-04-14 18:45:52,090] [INFO] Tarefas obtidas com sucesso.
[2025-04-14 18:48:00,420] [INFO] Tarefas obtidas com sucesso.
[2025-04-14 18:48:01,145] [INFO] Tarefas obtidas com sucesso.
[2025-04-14 18:49:13,535] [INFO] Tarefas obtidas com sucesso.
[2025-04-14 18:49:14,689] [INFO] Tarefas obtidas com sucesso.
[2025-04-14 18:49:19,199] [INFO] Tarefas obtidas com sucesso.
[2025-04-14 18:52:54,039] [INFO] Tarefas obtidas com sucesso.
[2025-04-14 18:52:55,932] [INFO] Tarefas obtidas com sucesso.
[2025-04-14 18:52:57,818] [INFO] Tarefa 19 removida com sucesso.
[2025-04-14 18:52:57,827] [INFO] Tarefas obtidas com sucesso.
[2025-04-14 18:53:00,433] [INFO] Tarefa 'aaa' adicionada com sucesso.
[2025-04-14 18:53:00,439] [INFO] Tarefas obtidas com sucesso.
[2025-04-14 18:53:17,783] [INFO] Tarefas obtidas com sucesso.
[2025-04-14 18:55:35,254] [INFO] Tarefas obtidas com sucesso.
[2025-04-14 18:55:40,986] [INFO] Tarefas obtidas com sucesso.
[2025-04-14 18:55:43,834] [INFO] Tarefas obtidas com sucesso.
[2025-04-14 18:55:50,575] [INFO] Tarefas obtidas com sucesso.
[2025-04-14 18:56:25,589] [INFO] Tarefas obtidas com sucesso.
[2025-04-14 18:57:47,950] [INFO] Tarefas obtidas com sucesso.
[2025-04-14 18:57:48,448] [INFO] Tarefas obtidas com sucesso.
[2025-04-14 18:58:41,564] [INFO] Tarefas obtidas com sucesso.
[2025-04-14 18:59:01,895] [INFO] Tarefas obtidas com sucesso.
[2025-04-14 19:00:18,515] [INFO] Tarefas obtidas com sucesso.
[2025-04-14 19:00:20,083] [INFO] Tarefas obtidas com sucesso.
[2025-04-14 19:00:20,770] [INFO] Tarefas obtidas com sucesso.
[2025-04-14 19:00:21,261] [INFO] Tarefas obtidas com sucesso.
[2025-04-14 19:00:32,755] [INFO] Tarefas obtidas com sucesso.
[2025-04-14 19:01:05,117] [INFO] Tarefas obtidas com sucesso.
[2025-04-14 19:01:15,444] [INFO] Tarefa 'sou gay' adicionada com sucesso.
[2025-04-14 19:01:15,485] [INFO] Tarefas obtidas com sucesso.
[2025-04-14 19:01:17,552] [INFO] Tarefas obtidas com sucesso.
[2025-04-14 19:01:18,064] [INFO] Tarefas obtidas com sucesso.
[2025-04-14 19:01:32,029] [INFO] Tarefas obtidas com sucesso.
[2025-04-14 19:01:36,559] [INFO] Tarefas obtidas com sucesso.
[2025-04-14 19:01:38,540] [INFO] Tarefas obtidas com sucesso.
[2025-04-14 19:01:39,158] [INFO] Tarefas obtidas com sucesso.
[2025-04-14 19:11:46,899] [INFO] Tarefas obtidas com sucesso.
[2025-04-14 19:11:47,120] [INFO] Tarefas obtidas com sucesso.
[2025-04-14 19:11:48,702] [INFO] Tarefas obtidas com sucesso.
[2025-04-14 19:11:49,466] [INFO] Tarefas obtidas com sucesso.
[2025-04-14 19:11:50,069] [INFO] Tarefas obtidas com sucesso.
[2025-04-14 19:11:50,950] [INFO] Tarefas obtidas com sucesso.
[2025-04-14 19:11:51,578] [INFO] Tarefas obtidas com sucesso.
[2025-04-14 19:11:52,110] [INFO] Tarefas obtidas com sucesso.
[2025-04-14 19:11:52,703] [INFO] Tarefas obtidas com sucesso.
[2025-04-14 19:11:53,279] [INFO] Tarefas obtidas com sucesso.
[2025-04-14 19:11:53,735] [INFO] Tarefas obtidas com sucesso.
[2025-04-14 19:11:54,423] [INFO] Tarefas obtidas com sucesso.
[2025-04-14 19:11:54,921] [INFO] Tarefas obtidas com sucesso.
[2025-04-14 19:11:55,438] [INFO] Tarefas obtidas com sucesso.
[2025-04-14 19:13:28,595] [INFO] Tarefas obtidas com sucesso.
[2025-04-14 19:14:43,389] [INFO] Tarefas obtidas com sucesso.
[2025-04-14 19:14:45,873] [INFO] Tarefas obtidas com sucesso.
[2025-04-14 19:14:52,640] [INFO] Tarefas obtidas com sucesso.
[2025-04-14 19:16:00,194] [INFO] Tarefas obtidas com sucesso.
[2025-04-14 19:16:34,791] [INFO] Tarefas obtidas com sucesso.
[2025-04-14 19:17:12,684] [INFO] Tarefas obtidas com sucesso.
[2025-04-14 19:17:15,072] [INFO] Tarefa 20 removida com sucesso.
[2025-04-14 19:17:15,123] [INFO] Tarefas obtidas com sucesso.
[2025-04-14 19:17:18,393] [INFO] Tarefas obtidas com sucesso.
[2025-04-14 19:17:21,760] [INFO] Tarefas obtidas com sucesso.
[2025-04-14 19:18:32,426] [INFO] Tarefas obtidas com sucesso.
[2025-04-14 19:18:36,797] [INFO] Tarefas obtidas com sucesso.
[2025-04-14 19:19:57,738] [INFO] Tarefas obtidas com sucesso.
[2025-04-14 19:20:02,336] [INFO] Tarefas obtidas com sucesso.
[2025-04-14 19:20:13,460] [INFO] Tarefas obtidas com sucesso.
[2025-04-14 19:20:14,264] [INFO] Tarefas obtidas com sucesso.
[2025-04-14 19:20:17,507] [INFO] Tarefas obtidas com sucesso.
[2025-04-14 19:22:21,757] [INFO] Tarefas obtidas com sucesso.
[2025-04-14 19:22:26,982] [INFO] Tarefas obtidas com sucesso.
[2025-04-14 19:22:27,673] [INFO] Tarefas obtidas com sucesso.
[2025-04-14 19:22:28,281] [INFO] Tarefas obtidas com sucesso.
[2025-04-14 19:22:45,518] [INFO] Tarefa 'fazer pipi' adicionada com sucesso.
[2025-04-14 19:22:45,533] [INFO] Tarefas obtidas com sucesso.
[2025-04-14 19:22:47,858] [INFO] Tarefas obtidas com sucesso.
[2025-04-14 19:22:48,842] [INFO] Tarefas obtidas com sucesso.
[2025-04-14 19:23:05,421] [INFO] Tarefas obtidas com sucesso.
[2025-04-14 19:23:09,939] [INFO] Tarefas obtidas com sucesso.
[2025-04-14 19:23:10,272] [INFO] Tarefas obtidas com sucesso.
[2025-04-14 19:23:11,357] [INFO] Tarefa 22 removida com sucesso.
[2025-04-14 19:23:11,412] [INFO] Tarefas obtidas com sucesso.
[2025-04-14 19:23:17,580] [INFO] Tarefa '1245' adicionada com sucesso.
[2025-04-14 19:23:17,586] [INFO] Tarefas obtidas com sucesso.
[2025-04-14 19:23:35,308] [INFO] Tarefa 'redhot' adicionada com sucesso.
[2025-04-14 19:23:35,342] [INFO] Tarefas obtidas com sucesso.
[2025-04-14 19:23:51,197] [INFO] Tarefas obtidas com sucesso.
[2025-04-14 19:24:20,513] [INFO] Tarefas obtidas com sucesso.
[2025-04-14 19:24:39,018] [INFO] Tarefas obtidas com sucesso.
[2025-04-14 19:24:45,241] [INFO] Tarefas obtidas com sucesso.
[2025-04-14 19:24:48,870] [INFO] Tarefas obtidas com sucesso.
[2025-04-14 19:24:56,380] [INFO] Tarefas obtidas com sucesso.
[2025-04-14 19:24:58,107] [INFO] Tarefas obtidas com sucesso.
[2025-07-03 21:28:17,216] [INFO] Tarefas obtidas com sucesso.
[2025-07-03 21:28:19,511] [INFO] Tarefa 'aa' adicionada com sucesso.
[2025-07-03 21:28:19,516] [INFO] Tarefas obtidas com sucesso.
[2025-07-03 21:28:21,476] [INFO] Tarefa 'awdawd' adicionada com sucesso.
[2025-07-03 21:28:21,479] [INFO] Tarefas obtidas com sucesso.
[2025-07-03 21:28:23,354] [INFO] Tarefas obtidas com sucesso.
[2025-07-03 21:28:24,315] [INFO] Tarefas obtidas com sucesso.
[2025-07-03 21:28:25,006] [INFO] Tarefas obtidas com sucesso.
[2025-07-03 21:28:25,215] [INFO] Tarefas obtidas com sucesso.
[2025-07-03 21:29:29,321] [INFO] Tarefas obtidas com sucesso.
[2025-07-03 21:29:31,111] [INFO] Tarefa 'AWD' adicionada com sucesso.
[2025-07-03 21:29:31,116] [INFO] Tarefas obtidas com sucesso.
[2025-07-03 21:29:32,471] [INFO] Tarefa 1 removida com sucesso.
[2025-07-03 21:29:32,475] [INFO] Tarefas obtidas com sucesso.
[2025-07-03 21:29:34,853] [INFO] Tarefa 'AAA' adicionada com sucesso.
[2025-07-03 21:29:34,857] [INFO] Tarefas obtidas com sucesso.
[2025-07-03 21:29:38,667] [INFO] Tarefas obtidas com sucesso.
[2025-07-03 21:29:39,248] [INFO] Tarefas obtidas com sucesso.
[2025-07-03 22:21:10,323] [INFO] Tarefas obtidas com sucesso.
[2025-07-03 22:21:14,449] [INFO] Tarefas obtidas com sucesso.
[2025-07-03 22:21:15,420] [INFO] Tarefas obtidas com sucesso.
[2025-07-03 22:21:15,876] [INFO] Tarefas obtidas com sucesso.
